TN:
SF:src/modules/appointments/services/CreateAppointmentService.ts
FN:14,(anonymous_18)
FN:15,CreateAppointmentService
FN:20,(anonymous_20)
FNF:3
FNH:3
FNDA:1,(anonymous_18)
FNDA:2,CreateAppointmentService
FNDA:3,(anonymous_20)
DA:1,1
DA:2,1
DA:4,1
DA:14,1
DA:17,2
DA:20,3
DA:21,3
DA:23,3
DA:27,3
DA:28,1
DA:31,2
DA:36,2
DA:38,1
DA:40,1
LF:14
LH:14
BRDA:27,0,0,1
BRDA:27,0,1,2
BRF:2
BRH:2
end_of_record
TN:
SF:src/modules/users/services/AuthenticateUserService.ts
FN:22,(anonymous_18)
FN:23,AuthenticateUserService
FN:31,(anonymous_20)
FNF:3
FNH:3
FNDA:1,(anonymous_18)
FNDA:4,AuthenticateUserService
FNDA:3,(anonymous_20)
DA:1,1
DA:2,1
DA:3,1
DA:5,1
DA:22,1
DA:25,4
DA:28,4
DA:31,3
DA:32,3
DA:34,3
DA:35,1
DA:38,2
DA:43,2
DA:44,1
DA:47,1
DA:49,1
DA:54,1
DA:56,1
DA:58,1
LF:19
LH:19
BRDA:32,0,0,3
BRDA:34,1,0,1
BRDA:34,1,1,2
BRDA:43,2,0,1
BRDA:43,2,1,1
BRF:5
BRH:5
end_of_record
TN:
SF:src/modules/users/services/CreateUserService.ts
FN:16,(anonymous_18)
FN:17,CreateUserService
FN:24,(anonymous_20)
FNF:3
FNH:3
FNDA:2,(anonymous_18)
FNDA:6,CreateUserService
FNDA:7,(anonymous_20)
DA:1,2
DA:3,2
DA:16,2
DA:19,6
DA:21,6
DA:24,7
DA:25,7
DA:27,7
DA:28,2
DA:31,5
DA:33,5
DA:39,5
DA:41,2
DA:43,2
LF:14
LH:14
BRDA:25,0,0,7
BRDA:27,1,0,2
BRDA:27,1,1,5
BRF:3
BRH:3
end_of_record
TN:
SF:src/modules/users/services/ResetPasswordService.ts
FN:18,(anonymous_18)
FN:19,ResetPasswordService
FN:30,(anonymous_20)
FNF:3
FNH:3
FNDA:1,(anonymous_18)
FNDA:4,ResetPasswordService
FNDA:4,(anonymous_20)
DA:1,1
DA:2,1
DA:4,1
DA:18,1
DA:21,4
DA:24,4
DA:27,4
DA:30,4
DA:31,4
DA:32,4
DA:33,1
DA:36,3
DA:37,3
DA:38,1
DA:41,2
DA:42,2
DA:44,2
DA:45,1
DA:48,1
DA:50,2
DA:52,1
DA:54,1
LF:22
LH:22
BRDA:31,0,0,4
BRDA:32,1,0,1
BRDA:32,1,1,3
BRDA:37,2,0,1
BRDA:37,2,1,2
BRDA:44,3,0,1
BRDA:44,3,1,1
BRF:7
BRH:7
end_of_record
TN:
SF:src/modules/users/services/SendForgotPasswordEmailService.ts
FN:16,(anonymous_18)
FN:17,SendForgotPasswordEmailService
FN:28,(anonymous_20)
FNF:3
FNH:3
FNDA:1,(anonymous_18)
FNDA:3,SendForgotPasswordEmailService
FNDA:3,(anonymous_20)
DA:1,1
DA:2,1
DA:4,1
DA:16,1
DA:19,3
DA:22,3
DA:25,3
DA:28,3
DA:29,3
DA:31,3
DA:32,1
DA:35,2
DA:37,2
DA:44,4
DA:59,1
DA:61,1
LF:16
LH:16
BRDA:29,0,0,3
BRDA:31,1,0,1
BRDA:31,1,1,2
BRF:3
BRH:3
end_of_record
TN:
SF:src/modules/users/services/ShowProfileService.ts
FN:13,(anonymous_18)
FN:14,ShowProfileService
FN:19,(anonymous_20)
FNF:3
FNH:3
FNDA:1,(anonymous_18)
FNDA:2,ShowProfileService
FNDA:2,(anonymous_20)
DA:1,1
DA:3,1
DA:13,1
DA:16,2
DA:19,2
DA:20,2
DA:22,2
DA:23,1
DA:26,1
DA:28,1
DA:30,1
LF:11
LH:11
BRDA:20,0,0,2
BRDA:22,1,0,1
BRDA:22,1,1,1
BRF:3
BRH:3
end_of_record
TN:
SF:src/modules/users/services/UpdateProfileUserService.ts
FN:19,(anonymous_18)
FN:20,UpdateProfileUserService
FN:28,(anonymous_20)
FNF:3
FNH:3
FNDA:1,(anonymous_18)
FNDA:6,UpdateProfileUserService
FNDA:6,(anonymous_20)
DA:1,1
DA:3,1
DA:19,1
DA:22,6
DA:25,6
DA:28,1
DA:29,6
DA:30,6
DA:31,6
DA:32,6
DA:33,6
DA:35,6
DA:37,6
DA:38,1
DA:41,5
DA:43,5
DA:44,2
DA:47,3
DA:48,3
DA:50,3
DA:51,1
DA:54,3
DA:55,1
DA:60,1
DA:61,0
DA:63,1
DA:66,2
DA:68,1
DA:70,1
LF:29
LH:28
BRDA:35,0,0,6
BRDA:35,0,1,2
BRDA:37,1,0,1
BRDA:37,1,1,5
BRDA:43,2,0,2
BRDA:43,2,1,3
BRDA:43,3,0,5
BRDA:43,3,1,2
BRDA:50,4,0,1
BRDA:50,4,1,2
BRDA:50,5,0,3
BRDA:50,5,1,2
BRDA:54,6,0,1
BRDA:54,6,1,1
BRDA:54,7,0,2
BRDA:54,7,1,1
BRDA:60,8,0,0
BRDA:60,8,1,1
BRF:18
BRH:17
end_of_record
TN:
SF:src/modules/users/services/UpdateUserAvatarService.ts
FN:15,(anonymous_18)
FN:16,UpdateUserAvatarService
FN:24,(anonymous_20)
FNF:3
FNH:3
FNDA:1,(anonymous_18)
FNDA:3,UpdateUserAvatarService
FNDA:4,(anonymous_20)
DA:1,1
DA:3,1
DA:15,1
DA:18,3
DA:21,3
DA:24,4
DA:25,4
DA:27,4
DA:28,1
DA:31,5
DA:32,2
DA:35,3
DA:37,3
DA:38,6
DA:40,3
DA:42,1
DA:44,1
LF:17
LH:17
BRDA:25,0,0,4
BRDA:25,0,1,3
BRDA:27,1,0,1
BRDA:27,1,1,3
BRDA:31,2,0,2
BRDA:31,2,1,1
BRF:6
BRH:6
end_of_record
